Depth  0:        1 total        1 starts 
Depth  1:        1 total        0 starts 
Depth  2:        5 total        0 starts 
Depth  3:       17 total        1 starts 
Example:
|    |
|    |
|AAAA|
|BBBB|
|CCCC|
|DDDE|
|EEED|

Depth  4:       91 total        1 starts 
Example:
|    |
|    |
|AAAA|
|BBBB|
|CCCD|
|DDDE|
|EEEC|

Depth  5:      464 total        4 starts 
Example:
|    |
|    |
|AAAA|
|BBBC|
|CCCD|
|DDDE|
|EEEB|

Depth  6:     2495 total       17 starts 
Example:
|    |
|    |
|AAAB|
|BBBC|
|CCCD|
|DDDE|
|EEEA|

Depth  7:    12867 total       57 starts 
Example:
|    |
|    |
|AAAA|
|BBBB|
|CCCD|
|DECE|
|EEDD|

Depth  8:    63106 total      229 starts 
Example:
|    |
|    |
|AAAA|
|BBBC|
|CCDD|
|CEDB|
|EEED|

Depth  9:   284268 total      878 starts 
Example:
|    |
|    |
|AAAB|
|BBBC|
|CADE|
|CCEE|
|DDDE|

Depth 10:  1159700 total     3228 starts 
Example:
|    |
|    |
|AAAB|
|BBBC|
|CCDE|
|EDCA|
|EEDD|

Depth 11:  4189921 total    11621 starts 
Example:
|    |
|    |
|AAAB|
|BBBC|
|CCDD|
|DECA|
|DEEE|

Depth 12: 13172834 total    45033 starts 
Example:
|    |
|    |
|AAAB|
|BBCC|
|CCDD|
|DEAB|
|DEEE|

Depth 13: 35599236 total   174487 starts 
Example:
|    |
|    |
|AAAB|
|BBCC|
|CDEE|
|ECAB|
|EDDD|
